New log file opened at Wed Feb 24 00:13:24 ART 2016 by 2668@PC
Taking next connection to: 64180
New client attempting to connect on port: 64182-64180
  Address = /192.168.1.13:64180
This client on port 64182 has uuid a3b54a8d-6f78-46c1-89a8-4016b2303b1d configName play-fork-run humanReadableName Play Fork Run protocolVersion 1 featureTags Vector()
Connected Clients: play-fork-run-a3b54a8d-6f78-46c1-89a8-4016b2303b1d
Taking next connection to: 64180
Checking to see if clients are empty...
We have 1 non-daemon clients, continuing serving connections.
Taking next connection to: 64180
Checking to see if clients are empty...
We have 1 non-daemon clients, continuing serving connections.
Taking next connection to: 64180
Checking to see if clients are empty...
We have 1 non-daemon clients, continuing serving connections.
Taking next connection to: 64180
Checking to see if clients are empty...
We have 1 non-daemon clients, continuing serving connections.
Taking next connection to: 64180
Checking to see if clients are empty...
We have 1 non-daemon clients, continuing serving connections.
Taking next connection to: 64180
Checking to see if clients are empty...
No non-daemon clients connected after 3 min. Shutting down.
Server socket thread exiting.
0 clients open, will close them...
All client sockets have been closed.
Closing the 2668@PC logs at Wed Feb 24 00:31:25 ART 2016, goodbye.
